<?xml version="1.0" encoding="UTF-8"?>
<!-- Generated by org.testng.reporters.JUnitReportReporter -->
<testsuite skipped="2" hostname="怎么那么肥" name="com.crazy.webdriver.Testcase.Zhuce163mail" tests="2" failures="0" timestamp="05 九月 2018 11:48:58 GMT" time="39.767" errors="0">
  <testcase name="zhuce163" time="18.600" classname="com.crazy.webdriver.Testcase.Zhuce163mail">
    <skipped/>
  </testcase> <!-- zhuce163 -->
  <testcase name="zhuce163" time="21.167" classname="com.crazy.webdriver.Testcase.Zhuce163mail">
    <skipped/>
  </testcase> <!-- zhuce163 -->
</testsuite> <!-- com.crazy.webdriver.Testcase.Zhuce163mail -->
