<?xml version="1.0" encoding="UTF-8"?>
<!-- Generated by org.testng.reporters.JUnitReportReporter -->
<testsuite skipped="0" hostname="怎么那么肥" name="com.crazy.webdriver.Testcase.TestScollToDown" tests="1" failures="0" timestamp="05 九月 2018 13:39:42 GMT" time="28.106" errors="0">
  <testcase name="test" time="28.106" classname="com.crazy.webdriver.Testcase.TestScollToDown"/>
</testsuite> <!-- com.crazy.webdriver.Testcase.TestScollToDown -->
